{"C:\\Users\\bharg\\Downloads\\attendance_project\\backend\\src\\server.ts": {"path":"C:\\Users\\bharg\\Downloads\\attendance_project\\backend\\src\\server.ts","statementMap":{"0":{"start":{"line":2,"column":0},"end":{"line":2,"column":30}},"1":{"start":{"line":3,"column":0},"end":{"line":3,"column":28}},"2":{"start":{"line":4,"column":0},"end":{"line":4,"column":32}},"3":{"start":{"line":5,"column":0},"end":{"line":5,"column":28}},"4":{"start":{"line":6,"column":0},"end":{"line":6,"column":24}},"5":{"start":{"line":7,"column":0},"end":{"line":7,"column":28}},"6":{"start":{"line":8,"column":0},"end":{"line":8,"column":30}},"7":{"start":{"line":9,"column":0},"end":{"line":9,"column":61}},"8":{"start":{"line":11,"column":0},"end":{"line":11,"column":16}},"9":{"start":{"line":12,"column":12},"end":{"line":12,"column":21}},"10":{"start":{"line":13,"column":0},"end":{"line":13,"column":18}},"11":{"start":{"line":14,"column":0},"end":{"line":14,"column":16}},"12":{"start":{"line":15,"column":0},"end":{"line":15,"column":24}},"13":{"start":{"line":16,"column":0},"end":{"line":16,"column":23}},"14":{"start":{"line":18,"column":0},"end":{"line":18,"column":24}},"15":{"start":{"line":19,"column":0},"end":{"line":19,"column":22}},"16":{"start":{"line":21,"column":13},"end":{"line":21,"column":37}},"17":{"start":{"line":22,"column":14},"end":{"line":22,"column":77}},"18":{"start":{"line":24,"column":0},"end":{"line":34,"column":1}},"19":{"start":{"line":25,"column":2},"end":{"line":30,"column":5}},"20":{"start":{"line":26,"column":4},"end":{"line":26,"column":40}},"21":{"start":{"line":27,"column":4},"end":{"line":27,"column":68}},"22":{"start":{"line":27,"column":26},"end":{"line":27,"column":66}},"23":{"start":{"line":29,"column":4},"end":{"line":29,"column":49}},"24":{"start":{"line":33,"column":2},"end":{"line":33,"column":144}},"25":{"start":{"line":33,"column":36},"end":{"line":33,"column":83}},"26":{"start":{"line":33,"column":98},"end":{"line":33,"column":142}},"27":{"start":{"line":36,"column":0},"end":{"line":36,"column":19}}},"fnMap":{"0":{"name":"(anonymous_1)","decl":{"start":{"line":25,"column":31},"end":{"line":25,"column":33}},"loc":{"start":{"line":25,"column":35},"end":{"line":28,"column":3}}},"1":{"name":"(anonymous_2)","decl":{"start":{"line":27,"column":21},"end":{"line":27,"column":23}},"loc":{"start":{"line":27,"column":26},"end":{"line":27,"column":66}}},"2":{"name":"(anonymous_3)","decl":{"start":{"line":28,"column":11},"end":{"line":28,"column":14}},"loc":{"start":{"line":28,"column":17},"end":{"line":30,"column":3}}},"3":{"name":"(anonymous_4)","decl":{"start":{"line":33,"column":31},"end":{"line":33,"column":33}},"loc":{"start":{"line":33,"column":36},"end":{"line":33,"column":83}}},"4":{"name":"(anonymous_5)","decl":{"start":{"line":33,"column":91},"end":{"line":33,"column":94}},"loc":{"start":{"line":33,"column":98},"end":{"line":33,"column":142}}}},"branchMap":{"0":{"loc":{"start":{"line":21,"column":13},"end":{"line":21,"column":37}},"type":"binary-expr","locations":[{"start":{"line":21,"column":13},"end":{"line":21,"column":29}},{"start":{"line":21,"column":33},"end":{"line":21,"column":37}}]},"1":{"loc":{"start":{"line":22,"column":14},"end":{"line":22,"column":77}},"type":"binary-expr","locations":[{"start":{"line":22,"column":14},"end":{"line":22,"column":35}},{"start":{"line":22,"column":39},"end":{"line":22,"column":77}}]},"2":{"loc":{"start":{"line":24,"column":0},"end":{"line":34,"column":1}},"type":"if","locations":[{"start":{"line":24,"column":0},"end":{"line":34,"column":1}},{"start":{"line":31,"column":7},"end":{"line":34,"column":1}}]}},"s":{"0":1,"1":1,"2":1,"3":1,"4":1,"5":1,"6":1,"7":1,"8":1,"9":1,"10":1,"11":1,"12":1,"13":1,"14":1,"15":1,"16":1,"17":1,"18":1,"19":0,"20":0,"21":0,"22":0,"23":0,"24":1,"25":1,"26":0,"27":1},"f":{"0":0,"1":0,"2":0,"3":1,"4":0},"b":{"0":[1,1],"1":[1,1],"2":[0,1]}}
,"C:\\Users\\bharg\\Downloads\\attendance_project\\backend\\src\\controllers\\attendance.controller.ts": {"path":"C:\\Users\\bharg\\Downloads\\attendance_project\\backend\\src\\controllers\\attendance.controller.ts","statementMap":{"0":{"start":{"line":3,"column":0},"end":{"line":3,"column":56}},"1":{"start":{"line":4,"column":0},"end":{"line":4,"column":26}},"2":{"start":{"line":6,"column":23},"end":{"line":21,"column":1}},"3":{"start":{"line":7,"column":2},"end":{"line":20,"column":3}},"4":{"start":{"line":8,"column":18},"end":{"line":8,"column":34}},"5":{"start":{"line":9,"column":17},"end":{"line":9,"column":45}},"6":{"start":{"line":10,"column":21},"end":{"line":10,"column":71}},"7":{"start":{"line":11,"column":4},"end":{"line":11,"column":119}},"8":{"start":{"line":11,"column":42},"end":{"line":11,"column":119}},"9":{"start":{"line":12,"column":24},"end":{"line":12,"column":34}},"10":{"start":{"line":13,"column":20},"end":{"line":13,"column":78}},"11":{"start":{"line":14,"column":23},"end":{"line":16,"column":78}},"12":{"start":{"line":17,"column":4},"end":{"line":17,"column":50}},"13":{"start":{"line":19,"column":4},"end":{"line":19,"column":14}},"14":{"start":{"line":6,"column":13},"end":{"line":6,"column":23}},"15":{"start":{"line":23,"column":24},"end":{"line":37,"column":1}},"16":{"start":{"line":24,"column":2},"end":{"line":36,"column":30}},"17":{"start":{"line":25,"column":18},"end":{"line":25,"column":34}},"18":{"start":{"line":26,"column":17},"end":{"line":26,"column":45}},"19":{"start":{"line":27,"column":23},"end":{"line":27,"column":73}},"20":{"start":{"line":28,"column":4},"end":{"line":28,"column":121}},"21":{"start":{"line":28,"column":48},"end":{"line":28,"column":121}},"22":{"start":{"line":29,"column":4},"end":{"line":29,"column":111}},"23":{"start":{"line":29,"column":33},"end":{"line":29,"column":111}},"24":{"start":{"line":30,"column":25},"end":{"line":30,"column":35}},"25":{"start":{"line":31,"column":23},"end":{"line":31,"column":98}},"26":{"start":{"line":32,"column":4},"end":{"line":32,"column":43}},"27":{"start":{"line":33,"column":4},"end":{"line":33,"column":58}},"28":{"start":{"line":34,"column":4},"end":{"line":34,"column":28}},"29":{"start":{"line":35,"column":4},"end":{"line":35,"column":50}},"30":{"start":{"line":36,"column":18},"end":{"line":36,"column":28}},"31":{"start":{"line":23,"column":13},"end":{"line":23,"column":24}},"32":{"start":{"line":39,"column":25},"end":{"line":50,"column":1}},"33":{"start":{"line":40,"column":16},"end":{"line":40,"column":32}},"34":{"start":{"line":41,"column":33},"end":{"line":41,"column":42}},"35":{"start":{"line":42,"column":17},"end":{"line":42,"column":35}},"36":{"start":{"line":43,"column":2},"end":{"line":47,"column":3}},"37":{"start":{"line":44,"column":4},"end":{"line":44,"column":16}},"38":{"start":{"line":45,"column":4},"end":{"line":45,"column":43}},"39":{"start":{"line":45,"column":19},"end":{"line":45,"column":43}},"40":{"start":{"line":46,"column":4},"end":{"line":46,"column":39}},"41":{"start":{"line":46,"column":17},"end":{"line":46,"column":39}},"42":{"start":{"line":48,"column":15},"end":{"line":48,"column":58}},"43":{"start":{"line":49,"column":2},"end":{"line":49,"column":42}},"44":{"start":{"line":39,"column":13},"end":{"line":39,"column":25}},"45":{"start":{"line":52,"column":25},"end":{"line":59,"column":1}},"46":{"start":{"line":53,"column":16},"end":{"line":53,"column":32}},"47":{"start":{"line":55,"column":15},"end":{"line":55,"column":83}},"48":{"start":{"line":56,"column":18},"end":{"line":56,"column":56}},"49":{"start":{"line":56,"column":35},"end":{"line":56,"column":48}},"50":{"start":{"line":57,"column":19},"end":{"line":57,"column":89}},"51":{"start":{"line":57,"column":41},"end":{"line":57,"column":64}},"52":{"start":{"line":58,"column":2},"end":{"line":58,"column":105}},"53":{"start":{"line":52,"column":13},"end":{"line":52,"column":25}},"54":{"start":{"line":61,"column":21},"end":{"line":66,"column":1}},"55":{"start":{"line":62,"column":16},"end":{"line":62,"column":32}},"56":{"start":{"line":63,"column":15},"end":{"line":63,"column":43}},"57":{"start":{"line":64,"column":14},"end":{"line":64,"column":64}},"58":{"start":{"line":65,"column":2},"end":{"line":65,"column":41}},"59":{"start":{"line":61,"column":13},"end":{"line":61,"column":21}}},"fnMap":{"0":{"name":"(anonymous_1)","decl":{"start":{"line":6,"column":23},"end":{"line":6,"column":28}},"loc":{"start":{"line":6,"column":81},"end":{"line":21,"column":1}}},"1":{"name":"(anonymous_2)","decl":{"start":{"line":23,"column":24},"end":{"line":23,"column":29}},"loc":{"start":{"line":23,"column":82},"end":{"line":37,"column":1}}},"2":{"name":"(anonymous_3)","decl":{"start":{"line":39,"column":25},"end":{"line":39,"column":30}},"loc":{"start":{"line":39,"column":63},"end":{"line":50,"column":1}}},"3":{"name":"(anonymous_4)","decl":{"start":{"line":52,"column":25},"end":{"line":52,"column":30}},"loc":{"start":{"line":52,"column":63},"end":{"line":59,"column":1}}},"4":{"name":"(anonymous_5)","decl":{"start":{"line":56,"column":30},"end":{"line":56,"column":31}},"loc":{"start":{"line":56,"column":35},"end":{"line":56,"column":48}}},"5":{"name":"(anonymous_6)","decl":{"start":{"line":57,"column":31},"end":{"line":57,"column":32}},"loc":{"start":{"line":57,"column":41},"end":{"line":57,"column":64}}},"6":{"name":"(anonymous_7)","decl":{"start":{"line":61,"column":21},"end":{"line":61,"column":26}},"loc":{"start":{"line":61,"column":59},"end":{"line":66,"column":1}}}},"branchMap":{"0":{"loc":{"start":{"line":11,"column":4},"end":{"line":11,"column":119}},"type":"if","locations":[{"start":{"line":11,"column":4},"end":{"line":11,"column":119}}]},"1":{"loc":{"start":{"line":11,"column":8},"end":{"line":11,"column":40}},"type":"binary-expr","locations":[{"start":{"line":11,"column":8},"end":{"line":11,"column":16}},{"start":{"line":11,"column":20},"end":{"line":11,"column":40}}]},"2":{"loc":{"start":{"line":13,"column":20},"end":{"line":13,"column":78}},"type":"cond-expr","locations":[{"start":{"line":13,"column":60},"end":{"line":13,"column":66}},{"start":{"line":13,"column":69},"end":{"line":13,"column":78}}]},"3":{"loc":{"start":{"line":14,"column":23},"end":{"line":16,"column":78}},"type":"cond-expr","locations":[{"start":{"line":15,"column":8},"end":{"line":15,"column":96}},{"start":{"line":16,"column":8},"end":{"line":16,"column":78}}]},"4":{"loc":{"start":{"line":28,"column":4},"end":{"line":28,"column":121}},"type":"if","locations":[{"start":{"line":28,"column":4},"end":{"line":28,"column":121}}]},"5":{"loc":{"start":{"line":28,"column":8},"end":{"line":28,"column":46}},"type":"binary-expr","locations":[{"start":{"line":28,"column":8},"end":{"line":28,"column":19}},{"start":{"line":28,"column":23},"end":{"line":28,"column":46}}]},"6":{"loc":{"start":{"line":29,"column":4},"end":{"line":29,"column":111}},"type":"if","locations":[{"start":{"line":29,"column":4},"end":{"line":29,"column":111}}]},"7":{"loc":{"start":{"line":43,"column":2},"end":{"line":47,"column":3}},"type":"if","locations":[{"start":{"line":43,"column":2},"end":{"line":47,"column":3}}]},"8":{"loc":{"start":{"line":43,"column":6},"end":{"line":43,"column":26}},"type":"binary-expr","locations":[{"start":{"line":43,"column":6},"end":{"line":43,"column":15}},{"start":{"line":43,"column":19},"end":{"line":43,"column":26}}]},"9":{"loc":{"start":{"line":45,"column":4},"end":{"line":45,"column":43}},"type":"if","locations":[{"start":{"line":45,"column":4},"end":{"line":45,"column":43}}]},"10":{"loc":{"start":{"line":46,"column":4},"end":{"line":46,"column":39}},"type":"if","locations":[{"start":{"line":46,"column":4},"end":{"line":46,"column":39}}]},"11":{"loc":{"start":{"line":57,"column":46},"end":{"line":57,"column":63}},"type":"binary-expr","locations":[{"start":{"line":57,"column":46},"end":{"line":57,"column":58}},{"start":{"line":57,"column":62},"end":{"line":57,"column":63}}]},"12":{"loc":{"start":{"line":57,"column":72},"end":{"line":57,"column":88}},"type":"binary-expr","locations":[{"start":{"line":57,"column":72},"end":{"line":57,"column":83}},{"start":{"line":57,"column":87},"end":{"line":57,"column":88}}]}},"s":{"0":1,"1":1,"2":1,"3":0,"4":0,"5":0,"6":0,"7":0,"8":0,"9":0,"10":0,"11":0,"12":0,"13":0,"14":1,"15":1,"16":0,"17":0,"18":0,"19":0,"20":0,"21":0,"22":0,"23":0,"24":0,"25":0,"26":0,"27":0,"28":0,"29":0,"30":0,"31":1,"32":1,"33":0,"34":0,"35":0,"36":0,"37":0,"38":0,"39":0,"40":0,"41":0,"42":0,"43":0,"44":1,"45":1,"46":0,"47":0,"48":0,"49":0,"50":0,"51":0,"52":0,"53":1,"54":1,"55":0,"56":0,"57":0,"58":0,"59":1},"f":{"0":0,"1":0,"2":0,"3":0,"4":0,"5":0,"6":0},"b":{"0":[0],"1":[0,0],"2":[0,0],"3":[0,0],"4":[0],"5":[0,0],"6":[0],"7":[0],"8":[0,0],"9":[0],"10":[0],"11":[0,0],"12":[0,0]}}
,"C:\\Users\\bharg\\Downloads\\attendance_project\\backend\\src\\controllers\\auth.controller.ts": {"path":"C:\\Users\\bharg\\Downloads\\attendance_project\\backend\\src\\controllers\\auth.controller.ts","statementMap":{"0":{"start":{"line":3,"column":0},"end":{"line":3,"column":44}},"1":{"start":{"line":4,"column":0},"end":{"line":4,"column":28}},"2":{"start":{"line":5,"column":0},"end":{"line":5,"column":65}},"3":{"start":{"line":7,"column":24},"end":{"line":25,"column":1}},"4":{"start":{"line":8,"column":2},"end":{"line":24,"column":3}},"5":{"start":{"line":9,"column":50},"end":{"line":9,"column":58}},"6":{"start":{"line":10,"column":21},"end":{"line":10,"column":50}},"7":{"start":{"line":11,"column":4},"end":{"line":11,"column":97}},"8":{"start":{"line":11,"column":18},"end":{"line":11,"column":97}},"9":{"start":{"line":13,"column":23},"end":{"line":13,"column":67}},"10":{"start":{"line":14,"column":19},"end":{"line":14,"column":58}},"11":{"start":{"line":15,"column":23},"end":{"line":15,"column":62}},"12":{"start":{"line":17,"column":17},"end":{"line":17,"column":111}},"13":{"start":{"line":18,"column":19},"end":{"line":18,"column":69}},"14":{"start":{"line":19,"column":20},"end":{"line":19,"column":71}},"15":{"start":{"line":21,"column":4},"end":{"line":21,"column":160}},"16":{"start":{"line":23,"column":4},"end":{"line":23,"column":14}},"17":{"start":{"line":7,"column":13},"end":{"line":7,"column":24}},"18":{"start":{"line":27,"column":21},"end":{"line":43,"column":1}},"19":{"start":{"line":28,"column":2},"end":{"line":42,"column":3}},"20":{"start":{"line":29,"column":32},"end":{"line":29,"column":40}},"21":{"start":{"line":30,"column":17},"end":{"line":30,"column":46}},"22":{"start":{"line":31,"column":4},"end":{"line":31,"column":93}},"23":{"start":{"line":31,"column":15},"end":{"line":31,"column":93}},"24":{"start":{"line":33,"column":15},"end":{"line":33,"column":60}},"25":{"start":{"line":34,"column":4},"end":{"line":34,"column":91}},"26":{"start":{"line":34,"column":13},"end":{"line":34,"column":91}},"27":{"start":{"line":36,"column":19},"end":{"line":36,"column":69}},"28":{"start":{"line":37,"column":20},"end":{"line":37,"column":71}},"29":{"start":{"line":39,"column":4},"end":{"line":39,"column":148}},"30":{"start":{"line":41,"column":4},"end":{"line":41,"column":14}},"31":{"start":{"line":27,"column":13},"end":{"line":27,"column":21}},"32":{"start":{"line":45,"column":18},"end":{"line":47,"column":1}},"33":{"start":{"line":46,"column":2},"end":{"line":46,"column":55}},"34":{"start":{"line":45,"column":13},"end":{"line":45,"column":18}}},"fnMap":{"0":{"name":"(anonymous_1)","decl":{"start":{"line":7,"column":24},"end":{"line":7,"column":29}},"loc":{"start":{"line":7,"column":82},"end":{"line":25,"column":1}}},"1":{"name":"(anonymous_2)","decl":{"start":{"line":27,"column":21},"end":{"line":27,"column":26}},"loc":{"start":{"line":27,"column":79},"end":{"line":43,"column":1}}},"2":{"name":"(anonymous_3)","decl":{"start":{"line":45,"column":18},"end":{"line":45,"column":23}},"loc":{"start":{"line":45,"column":56},"end":{"line":47,"column":1}}}},"branchMap":{"0":{"loc":{"start":{"line":11,"column":4},"end":{"line":11,"column":97}},"type":"if","locations":[{"start":{"line":11,"column":4},"end":{"line":11,"column":97}}]},"1":{"loc":{"start":{"line":13,"column":30},"end":{"line":13,"column":66}},"type":"binary-expr","locations":[{"start":{"line":13,"column":30},"end":{"line":13,"column":60}},{"start":{"line":13,"column":64},"end":{"line":13,"column":66}}]},"2":{"loc":{"start":{"line":31,"column":4},"end":{"line":31,"column":93}},"type":"if","locations":[{"start":{"line":31,"column":4},"end":{"line":31,"column":93}}]},"3":{"loc":{"start":{"line":34,"column":4},"end":{"line":34,"column":91}},"type":"if","locations":[{"start":{"line":34,"column":4},"end":{"line":34,"column":91}}]}},"s":{"0":1,"1":1,"2":1,"3":1,"4":0,"5":0,"6":0,"7":0,"8":0,"9":0,"10":0,"11":0,"12":0,"13":0,"14":0,"15":0,"16":0,"17":1,"18":1,"19":0,"20":0,"21":0,"22":0,"23":0,"24":0,"25":0,"26":0,"27":0,"28":0,"29":0,"30":0,"31":1,"32":1,"33":0,"34":1},"f":{"0":0,"1":0,"2":0},"b":{"0":[0],"1":[0,0],"2":[0],"3":[0]}}
,"C:\\Users\\bharg\\Downloads\\attendance_project\\backend\\src\\controllers\\dashboard.controller.ts": {"path":"C:\\Users\\bharg\\Downloads\\attendance_project\\backend\\src\\controllers\\dashboard.controller.ts","statementMap":{"0":{"start":{"line":3,"column":0},"end":{"line":3,"column":56}},"1":{"start":{"line":4,"column":0},"end":{"line":4,"column":44}},"2":{"start":{"line":5,"column":0},"end":{"line":5,"column":26}},"3":{"start":{"line":7,"column":33},"end":{"line":13,"column":1}},"4":{"start":{"line":8,"column":16},"end":{"line":8,"column":32}},"5":{"start":{"line":9,"column":15},"end":{"line":9,"column":43}},"6":{"start":{"line":10,"column":16},"end":{"line":10,"column":66}},"7":{"start":{"line":11,"column":18},"end":{"line":11,"column":88}},"8":{"start":{"line":12,"column":2},"end":{"line":12,"column":64}},"9":{"start":{"line":7,"column":13},"end":{"line":7,"column":33}},"10":{"start":{"line":15,"column":32},"end":{"line":20,"column":1}},"11":{"start":{"line":16,"column":25},"end":{"line":16,"column":72}},"12":{"start":{"line":17,"column":16},"end":{"line":17,"column":44}},"13":{"start":{"line":18,"column":18},"end":{"line":18,"column":93}},"14":{"start":{"line":19,"column":2},"end":{"line":19,"column":79}},"15":{"start":{"line":15,"column":13},"end":{"line":15,"column":32}}},"fnMap":{"0":{"name":"(anonymous_1)","decl":{"start":{"line":7,"column":33},"end":{"line":7,"column":38}},"loc":{"start":{"line":7,"column":71},"end":{"line":13,"column":1}}},"1":{"name":"(anonymous_2)","decl":{"start":{"line":15,"column":32},"end":{"line":15,"column":37}},"loc":{"start":{"line":15,"column":70},"end":{"line":20,"column":1}}}},"branchMap":{},"s":{"0":1,"1":1,"2":1,"3":1,"4":0,"5":0,"6":0,"7":0,"8":0,"9":1,"10":1,"11":0,"12":0,"13":0,"14":0,"15":1},"f":{"0":0,"1":0},"b":{}}
,"C:\\Users\\bharg\\Downloads\\attendance_project\\backend\\src\\controllers\\manager.controller.ts": {"path":"C:\\Users\\bharg\\Downloads\\attendance_project\\backend\\src\\controllers\\manager.controller.ts","statementMap":{"0":{"start":{"line":3,"column":0},"end":{"line":3,"column":56}},"1":{"start":{"line":5,"column":0},"end":{"line":5,"column":58}},"2":{"start":{"line":6,"column":0},"end":{"line":6,"column":26}},"3":{"start":{"line":8,"column":32},"end":{"line":11,"column":1}},"4":{"start":{"line":9,"column":15},"end":{"line":9,"column":85}},"5":{"start":{"line":10,"column":2},"end":{"line":10,"column":42}},"6":{"start":{"line":8,"column":13},"end":{"line":8,"column":32}},"7":{"start":{"line":13,"column":37},"end":{"line":17,"column":1}},"8":{"start":{"line":14,"column":17},"end":{"line":14,"column":27}},"9":{"start":{"line":15,"column":15},"end":{"line":15,"column":69}},"10":{"start":{"line":16,"column":2},"end":{"line":16,"column":42}},"11":{"start":{"line":13,"column":13},"end":{"line":13,"column":37}},"12":{"start":{"line":19,"column":26},"end":{"line":29,"column":1}},"13":{"start":{"line":20,"column":33},"end":{"line":20,"column":42}},"14":{"start":{"line":22,"column":18},"end":{"line":27,"column":4}},"15":{"start":{"line":28,"column":2},"end":{"line":28,"column":45}},"16":{"start":{"line":19,"column":13},"end":{"line":19,"column":26}},"17":{"start":{"line":31,"column":25},"end":{"line":37,"column":1}},"18":{"start":{"line":32,"column":15},"end":{"line":32,"column":66}},"19":{"start":{"line":33,"column":14},"end":{"line":33,"column":42}},"20":{"start":{"line":34,"column":2},"end":{"line":34,"column":41}},"21":{"start":{"line":35,"column":2},"end":{"line":35,"column":65}},"22":{"start":{"line":36,"column":2},"end":{"line":36,"column":16}},"23":{"start":{"line":31,"column":13},"end":{"line":31,"column":25}},"24":{"start":{"line":39,"column":27},"end":{"line":43,"column":1}},"25":{"start":{"line":40,"column":16},"end":{"line":40,"column":44}},"26":{"start":{"line":41,"column":15},"end":{"line":41,"column":70}},"27":{"start":{"line":42,"column":2},"end":{"line":42,"column":42}},"28":{"start":{"line":39,"column":13},"end":{"line":39,"column":27}}},"fnMap":{"0":{"name":"(anonymous_1)","decl":{"start":{"line":8,"column":32},"end":{"line":8,"column":37}},"loc":{"start":{"line":8,"column":70},"end":{"line":11,"column":1}}},"1":{"name":"(anonymous_2)","decl":{"start":{"line":13,"column":37},"end":{"line":13,"column":42}},"loc":{"start":{"line":13,"column":75},"end":{"line":17,"column":1}}},"2":{"name":"(anonymous_3)","decl":{"start":{"line":19,"column":26},"end":{"line":19,"column":31}},"loc":{"start":{"line":19,"column":64},"end":{"line":29,"column":1}}},"3":{"name":"(anonymous_4)","decl":{"start":{"line":31,"column":25},"end":{"line":31,"column":30}},"loc":{"start":{"line":31,"column":63},"end":{"line":37,"column":1}}},"4":{"name":"(anonymous_5)","decl":{"start":{"line":39,"column":27},"end":{"line":39,"column":32}},"loc":{"start":{"line":39,"column":65},"end":{"line":43,"column":1}}}},"branchMap":{},"s":{"0":1,"1":1,"2":1,"3":1,"4":0,"5":0,"6":1,"7":1,"8":0,"9":0,"10":0,"11":1,"12":1,"13":0,"14":0,"15":0,"16":1,"17":1,"18":0,"19":0,"20":0,"21":0,"22":0,"23":1,"24":1,"25":0,"26":0,"27":0,"28":1},"f":{"0":0,"1":0,"2":0,"3":0,"4":0},"b":{}}
,"C:\\Users\\bharg\\Downloads\\attendance_project\\backend\\src\\middleware\\auth.middleware.ts": {"path":"C:\\Users\\bharg\\Downloads\\attendance_project\\backend\\src\\middleware\\auth.middleware.ts","statementMap":{"0":{"start":{"line":3,"column":0},"end":{"line":3,"column":31}},"1":{"start":{"line":4,"column":0},"end":{"line":4,"column":44}},"2":{"start":{"line":6,"column":30},"end":{"line":19,"column":1}},"3":{"start":{"line":7,"column":17},"end":{"line":7,"column":42}},"4":{"start":{"line":8,"column":2},"end":{"line":8,"column":82}},"5":{"start":{"line":8,"column":15},"end":{"line":8,"column":82}},"6":{"start":{"line":9,"column":16},"end":{"line":9,"column":45}},"7":{"start":{"line":10,"column":2},"end":{"line":18,"column":3}},"8":{"start":{"line":11,"column":25},"end":{"line":11,"column":74}},"9":{"start":{"line":12,"column":17},"end":{"line":12,"column":68}},"10":{"start":{"line":13,"column":4},"end":{"line":13,"column":88}},"11":{"start":{"line":13,"column":15},"end":{"line":13,"column":88}},"12":{"start":{"line":14,"column":5},"end":{"line":14,"column":29}},"13":{"start":{"line":15,"column":4},"end":{"line":15,"column":11}},"14":{"start":{"line":17,"column":4},"end":{"line":17,"column":69}},"15":{"start":{"line":6,"column":13},"end":{"line":6,"column":30}}},"fnMap":{"0":{"name":"(anonymous_1)","decl":{"start":{"line":6,"column":30},"end":{"line":6,"column":35}},"loc":{"start":{"line":6,"column":88},"end":{"line":19,"column":1}}}},"branchMap":{"0":{"loc":{"start":{"line":8,"column":2},"end":{"line":8,"column":82}},"type":"if","locations":[{"start":{"line":8,"column":2},"end":{"line":8,"column":82}}]},"1":{"loc":{"start":{"line":13,"column":4},"end":{"line":13,"column":88}},"type":"if","locations":[{"start":{"line":13,"column":4},"end":{"line":13,"column":88}}]}},"s":{"0":1,"1":1,"2":1,"3":0,"4":0,"5":0,"6":0,"7":0,"8":0,"9":0,"10":0,"11":0,"12":0,"13":0,"14":0,"15":1},"f":{"0":0},"b":{"0":[0],"1":[0]}}
,"C:\\Users\\bharg\\Downloads\\attendance_project\\backend\\src\\middleware\\error.middleware.ts": {"path":"C:\\Users\\bharg\\Downloads\\attendance_project\\backend\\src\\middleware\\error.middleware.ts","statementMap":{"0":{"start":{"line":3,"column":28},"end":{"line":7,"column":1}},"1":{"start":{"line":4,"column":2},"end":{"line":4,"column":21}},"2":{"start":{"line":5,"column":17},"end":{"line":5,"column":34}},"3":{"start":{"line":6,"column":2},"end":{"line":6,"column":84}},"4":{"start":{"line":3,"column":13},"end":{"line":3,"column":28}}},"fnMap":{"0":{"name":"(anonymous_0)","decl":{"start":{"line":3,"column":28},"end":{"line":3,"column":29}},"loc":{"start":{"line":3,"column":90},"end":{"line":7,"column":1}}}},"branchMap":{"0":{"loc":{"start":{"line":5,"column":17},"end":{"line":5,"column":34}},"type":"binary-expr","locations":[{"start":{"line":5,"column":17},"end":{"line":5,"column":27}},{"start":{"line":5,"column":31},"end":{"line":5,"column":34}}]},"1":{"loc":{"start":{"line":6,"column":51},"end":{"line":6,"column":80}},"type":"binary-expr","locations":[{"start":{"line":6,"column":51},"end":{"line":6,"column":62}},{"start":{"line":6,"column":66},"end":{"line":6,"column":80}}]}},"s":{"0":1,"1":0,"2":0,"3":0,"4":1},"f":{"0":0},"b":{"0":[0,0],"1":[0,0]}}
,"C:\\Users\\bharg\\Downloads\\attendance_project\\backend\\src\\middleware\\role.middleware.ts": {"path":"C:\\Users\\bharg\\Downloads\\attendance_project\\backend\\src\\middleware\\role.middleware.ts","statementMap":{"0":{"start":{"line":3,"column":25},"end":{"line":10,"column":1}},"1":{"start":{"line":4,"column":2},"end":{"line":9,"column":4}},"2":{"start":{"line":5,"column":18},"end":{"line":5,"column":34}},"3":{"start":{"line":6,"column":4},"end":{"line":6,"column":86}},"4":{"start":{"line":6,"column":15},"end":{"line":6,"column":86}},"5":{"start":{"line":7,"column":4},"end":{"line":7,"column":96}},"6":{"start":{"line":7,"column":28},"end":{"line":7,"column":96}},"7":{"start":{"line":8,"column":4},"end":{"line":8,"column":11}},"8":{"start":{"line":3,"column":13},"end":{"line":3,"column":25}}},"fnMap":{"0":{"name":"(anonymous_0)","decl":{"start":{"line":3,"column":25},"end":{"line":3,"column":26}},"loc":{"start":{"line":3,"column":56},"end":{"line":10,"column":1}}},"1":{"name":"(anonymous_1)","decl":{"start":{"line":4,"column":9},"end":{"line":4,"column":10}},"loc":{"start":{"line":4,"column":61},"end":{"line":9,"column":3}}}},"branchMap":{"0":{"loc":{"start":{"line":6,"column":4},"end":{"line":6,"column":86}},"type":"if","locations":[{"start":{"line":6,"column":4},"end":{"line":6,"column":86}}]},"1":{"loc":{"start":{"line":7,"column":4},"end":{"line":7,"column":96}},"type":"if","locations":[{"start":{"line":7,"column":4},"end":{"line":7,"column":96}}]}},"s":{"0":1,"1":5,"2":0,"3":0,"4":0,"5":0,"6":0,"7":0,"8":1},"f":{"0":5,"1":0},"b":{"0":[0],"1":[0]}}
,"C:\\Users\\bharg\\Downloads\\attendance_project\\backend\\src\\middleware\\validate.middleware.ts": {"path":"C:\\Users\\bharg\\Downloads\\attendance_project\\backend\\src\\middleware\\validate.middleware.ts","statementMap":{"0":{"start":{"line":3,"column":0},"end":{"line":3,"column":53}},"1":{"start":{"line":4,"column":24},"end":{"line":10,"column":1}},"2":{"start":{"line":5,"column":17},"end":{"line":5,"column":38}},"3":{"start":{"line":6,"column":2},"end":{"line":8,"column":3}},"4":{"start":{"line":7,"column":4},"end":{"line":7,"column":75}},"5":{"start":{"line":9,"column":2},"end":{"line":9,"column":9}},"6":{"start":{"line":4,"column":13},"end":{"line":4,"column":24}}},"fnMap":{"0":{"name":"(anonymous_0)","decl":{"start":{"line":4,"column":24},"end":{"line":4,"column":25}},"loc":{"start":{"line":4,"column":76},"end":{"line":10,"column":1}}}},"branchMap":{"0":{"loc":{"start":{"line":6,"column":2},"end":{"line":8,"column":3}},"type":"if","locations":[{"start":{"line":6,"column":2},"end":{"line":8,"column":3}}]}},"s":{"0":1,"1":1,"2":0,"3":0,"4":0,"5":0,"6":1},"f":{"0":0},"b":{"0":[0]}}
,"C:\\Users\\bharg\\Downloads\\attendance_project\\backend\\src\\models\\Attendance.model.ts": {"path":"C:\\Users\\bharg\\Downloads\\attendance_project\\backend\\src\\models\\Attendance.model.ts","statementMap":{"0":{"start":{"line":2,"column":0},"end":{"line":2,"column":58}},"1":{"start":{"line":12,"column":25},"end":{"line":20,"column":2}},"2":{"start":{"line":21,"column":0},"end":{"line":21,"column":63}},"3":{"start":{"line":22,"column":13},"end":{"line":22,"column":77}}},"fnMap":{},"branchMap":{},"s":{"0":1,"1":1,"2":1,"3":1},"f":{},"b":{}}
,"C:\\Users\\bharg\\Downloads\\attendance_project\\backend\\src\\models\\User.model.ts": {"path":"C:\\Users\\bharg\\Downloads\\attendance_project\\backend\\src\\models\\User.model.ts","statementMap":{"0":{"start":{"line":2,"column":0},"end":{"line":2,"column":51}},"1":{"start":{"line":13,"column":19},"end":{"line":21,"column":2}},"2":{"start":{"line":22,"column":13},"end":{"line":22,"column":53}}},"fnMap":{},"branchMap":{},"s":{"0":1,"1":1,"2":1},"f":{},"b":{}}
,"C:\\Users\\bharg\\Downloads\\attendance_project\\backend\\src\\routes\\attendance.routes.ts": {"path":"C:\\Users\\bharg\\Downloads\\attendance_project\\backend\\src\\routes\\attendance.routes.ts","statementMap":{"0":{"start":{"line":2,"column":0},"end":{"line":2,"column":33}},"1":{"start":{"line":3,"column":0},"end":{"line":3,"column":61}},"2":{"start":{"line":4,"column":0},"end":{"line":4,"column":63}},"3":{"start":{"line":6,"column":15},"end":{"line":6,"column":23}},"4":{"start":{"line":8,"column":0},"end":{"line":8,"column":54}},"5":{"start":{"line":9,"column":0},"end":{"line":9,"column":56}},"6":{"start":{"line":10,"column":0},"end":{"line":10,"column":58}},"7":{"start":{"line":11,"column":0},"end":{"line":11,"column":58}},"8":{"start":{"line":12,"column":0},"end":{"line":12,"column":49}},"9":{"start":{"line":14,"column":0},"end":{"line":14,"column":22}}},"fnMap":{},"branchMap":{},"s":{"0":1,"1":1,"2":1,"3":1,"4":1,"5":1,"6":1,"7":1,"8":1,"9":1},"f":{},"b":{}}
,"C:\\Users\\bharg\\Downloads\\attendance_project\\backend\\src\\routes\\auth.routes.ts": {"path":"C:\\Users\\bharg\\Downloads\\attendance_project\\backend\\src\\routes\\auth.routes.ts","statementMap":{"0":{"start":{"line":2,"column":0},"end":{"line":2,"column":33}},"1":{"start":{"line":3,"column":0},"end":{"line":3,"column":41}},"2":{"start":{"line":4,"column":0},"end":{"line":4,"column":55}},"3":{"start":{"line":5,"column":0},"end":{"line":5,"column":61}},"4":{"start":{"line":6,"column":0},"end":{"line":6,"column":63}},"5":{"start":{"line":8,"column":15},"end":{"line":8,"column":23}},"6":{"start":{"line":10,"column":0},"end":{"line":14,"column":28}},"7":{"start":{"line":16,"column":0},"end":{"line":19,"column":25}},"8":{"start":{"line":21,"column":0},"end":{"line":21,"column":43}},"9":{"start":{"line":23,"column":0},"end":{"line":23,"column":22}}},"fnMap":{},"branchMap":{},"s":{"0":1,"1":1,"2":1,"3":1,"4":1,"5":1,"6":1,"7":1,"8":1,"9":1},"f":{},"b":{}}
,"C:\\Users\\bharg\\Downloads\\attendance_project\\backend\\src\\routes\\dashboard.routes.ts": {"path":"C:\\Users\\bharg\\Downloads\\attendance_project\\backend\\src\\routes\\dashboard.routes.ts","statementMap":{"0":{"start":{"line":2,"column":0},"end":{"line":2,"column":33}},"1":{"start":{"line":3,"column":0},"end":{"line":3,"column":63}},"2":{"start":{"line":4,"column":0},"end":{"line":4,"column":60}},"3":{"start":{"line":6,"column":15},"end":{"line":6,"column":23}},"4":{"start":{"line":7,"column":0},"end":{"line":7,"column":64}},"5":{"start":{"line":8,"column":0},"end":{"line":8,"column":62}},"6":{"start":{"line":10,"column":0},"end":{"line":10,"column":22}}},"fnMap":{},"branchMap":{},"s":{"0":1,"1":1,"2":1,"3":1,"4":1,"5":1,"6":1},"f":{},"b":{}}
,"C:\\Users\\bharg\\Downloads\\attendance_project\\backend\\src\\routes\\index.ts": {"path":"C:\\Users\\bharg\\Downloads\\attendance_project\\backend\\src\\routes\\index.ts","statementMap":{"0":{"start":{"line":2,"column":0},"end":{"line":2,"column":33}},"1":{"start":{"line":3,"column":0},"end":{"line":3,"column":33}},"2":{"start":{"line":4,"column":0},"end":{"line":4,"column":45}},"3":{"start":{"line":5,"column":0},"end":{"line":5,"column":43}},"4":{"start":{"line":6,"column":0},"end":{"line":6,"column":39}},"5":{"start":{"line":8,"column":15},"end":{"line":8,"column":23}},"6":{"start":{"line":9,"column":0},"end":{"line":9,"column":26}},"7":{"start":{"line":10,"column":0},"end":{"line":10,"column":38}},"8":{"start":{"line":11,"column":0},"end":{"line":11,"column":36}},"9":{"start":{"line":12,"column":0},"end":{"line":12,"column":32}},"10":{"start":{"line":14,"column":0},"end":{"line":14,"column":22}}},"fnMap":{},"branchMap":{},"s":{"0":1,"1":1,"2":1,"3":1,"4":1,"5":1,"6":1,"7":1,"8":1,"9":1,"10":1},"f":{},"b":{}}
,"C:\\Users\\bharg\\Downloads\\attendance_project\\backend\\src\\routes\\manager.routes.ts": {"path":"C:\\Users\\bharg\\Downloads\\attendance_project\\backend\\src\\routes\\manager.routes.ts","statementMap":{"0":{"start":{"line":2,"column":0},"end":{"line":2,"column":33}},"1":{"start":{"line":3,"column":0},"end":{"line":3,"column":63}},"2":{"start":{"line":4,"column":0},"end":{"line":4,"column":58}},"3":{"start":{"line":5,"column":0},"end":{"line":5,"column":58}},"4":{"start":{"line":7,"column":15},"end":{"line":7,"column":23}},"5":{"start":{"line":9,"column":0},"end":{"line":9,"column":91}},"6":{"start":{"line":10,"column":0},"end":{"line":10,"column":105}},"7":{"start":{"line":11,"column":0},"end":{"line":11,"column":89}},"8":{"start":{"line":12,"column":0},"end":{"line":12,"column":87}},"9":{"start":{"line":13,"column":0},"end":{"line":13,"column":95}},"10":{"start":{"line":15,"column":0},"end":{"line":15,"column":22}}},"fnMap":{},"branchMap":{},"s":{"0":1,"1":1,"2":1,"3":1,"4":1,"5":1,"6":1,"7":1,"8":1,"9":1,"10":1},"f":{},"b":{}}
,"C:\\Users\\bharg\\Downloads\\attendance_project\\backend\\src\\services\\csv.service.ts": {"path":"C:\\Users\\bharg\\Downloads\\attendance_project\\backend\\src\\services\\csv.service.ts","statementMap":{"0":{"start":{"line":2,"column":0},"end":{"line":2,"column":34}},"1":{"start":{"line":3,"column":31},"end":{"line":16,"column":1}},"2":{"start":{"line":4,"column":17},"end":{"line":4,"column":105}},"3":{"start":{"line":5,"column":15},"end":{"line":13,"column":5}},"4":{"start":{"line":5,"column":30},"end":{"line":13,"column":4}},"5":{"start":{"line":14,"column":17},"end":{"line":14,"column":39}},"6":{"start":{"line":15,"column":2},"end":{"line":15,"column":28}},"7":{"start":{"line":3,"column":13},"end":{"line":3,"column":31}}},"fnMap":{"0":{"name":"(anonymous_0)","decl":{"start":{"line":3,"column":31},"end":{"line":3,"column":32}},"loc":{"start":{"line":3,"column":47},"end":{"line":16,"column":1}}},"1":{"name":"(anonymous_1)","decl":{"start":{"line":5,"column":24},"end":{"line":5,"column":25}},"loc":{"start":{"line":5,"column":30},"end":{"line":13,"column":4}}}},"branchMap":{"0":{"loc":{"start":{"line":7,"column":14},"end":{"line":7,"column":32}},"type":"binary-expr","locations":[{"start":{"line":7,"column":14},"end":{"line":7,"column":26}},{"start":{"line":7,"column":30},"end":{"line":7,"column":32}}]},"1":{"loc":{"start":{"line":8,"column":15},"end":{"line":8,"column":34}},"type":"binary-expr","locations":[{"start":{"line":8,"column":15},"end":{"line":8,"column":28}},{"start":{"line":8,"column":32},"end":{"line":8,"column":34}}]},"2":{"loc":{"start":{"line":9,"column":17},"end":{"line":9,"column":51}},"type":"binary-expr","locations":[{"start":{"line":9,"column":17},"end":{"line":9,"column":45}},{"start":{"line":9,"column":49},"end":{"line":9,"column":51}}]},"3":{"loc":{"start":{"line":10,"column":18},"end":{"line":10,"column":53}},"type":"binary-expr","locations":[{"start":{"line":10,"column":18},"end":{"line":10,"column":47}},{"start":{"line":10,"column":51},"end":{"line":10,"column":53}}]}},"s":{"0":1,"1":1,"2":0,"3":0,"4":0,"5":0,"6":0,"7":1},"f":{"0":0,"1":0},"b":{"0":[0,0],"1":[0,0],"2":[0,0],"3":[0,0]}}
,"C:\\Users\\bharg\\Downloads\\attendance_project\\backend\\src\\utils\\jwt.ts": {"path":"C:\\Users\\bharg\\Downloads\\attendance_project\\backend\\src\\utils\\jwt.ts","statementMap":{"0":{"start":{"line":2,"column":0},"end":{"line":2,"column":56}},"1":{"start":{"line":4,"column":21},"end":{"line":4,"column":60}},"2":{"start":{"line":5,"column":22},"end":{"line":5,"column":62}},"3":{"start":{"line":7,"column":31},"end":{"line":10,"column":1}},"4":{"start":{"line":8,"column":28},"end":{"line":8,"column":96}},"5":{"start":{"line":9,"column":2},"end":{"line":9,"column":75}},"6":{"start":{"line":7,"column":13},"end":{"line":7,"column":31}},"7":{"start":{"line":12,"column":32},"end":{"line":15,"column":1}},"8":{"start":{"line":13,"column":28},"end":{"line":13,"column":96}},"9":{"start":{"line":14,"column":2},"end":{"line":14,"column":76}},"10":{"start":{"line":12,"column":13},"end":{"line":12,"column":32}},"11":{"start":{"line":17,"column":33},"end":{"line":19,"column":1}},"12":{"start":{"line":18,"column":2},"end":{"line":18,"column":51}},"13":{"start":{"line":17,"column":13},"end":{"line":17,"column":33}}},"fnMap":{"0":{"name":"(anonymous_1)","decl":{"start":{"line":7,"column":31},"end":{"line":7,"column":32}},"loc":{"start":{"line":7,"column":51},"end":{"line":10,"column":1}}},"1":{"name":"(anonymous_2)","decl":{"start":{"line":12,"column":32},"end":{"line":12,"column":33}},"loc":{"start":{"line":12,"column":52},"end":{"line":15,"column":1}}},"2":{"name":"(anonymous_3)","decl":{"start":{"line":17,"column":33},"end":{"line":17,"column":34}},"loc":{"start":{"line":17,"column":51},"end":{"line":19,"column":1}}}},"branchMap":{"0":{"loc":{"start":{"line":8,"column":42},"end":{"line":8,"column":86}},"type":"binary-expr","locations":[{"start":{"line":8,"column":42},"end":{"line":8,"column":77}},{"start":{"line":8,"column":81},"end":{"line":8,"column":86}}]},"1":{"loc":{"start":{"line":13,"column":42},"end":{"line":13,"column":86}},"type":"binary-expr","locations":[{"start":{"line":13,"column":42},"end":{"line":13,"column":78}},{"start":{"line":13,"column":82},"end":{"line":13,"column":86}}]}},"s":{"0":1,"1":1,"2":1,"3":1,"4":0,"5":0,"6":1,"7":1,"8":0,"9":0,"10":1,"11":1,"12":0,"13":1},"f":{"0":0,"1":0,"2":0},"b":{"0":[0,0],"1":[0,0]}}
}
