TN:
SF:src\server.ts
FN:25,(anonymous_1)
FN:27,(anonymous_2)
FN:28,(anonymous_3)
FN:33,(anonymous_4)
FN:33,(anonymous_5)
FNF:5
FNH:1
FNDA:0,(anonymous_1)
FNDA:0,(anonymous_2)
FNDA:0,(anonymous_3)
FNDA:1,(anonymous_4)
FNDA:0,(anonymous_5)
DA:2,1
DA:3,1
DA:4,1
DA:5,1
DA:6,1
DA:7,1
DA:8,1
DA:9,1
DA:11,1
DA:12,1
DA:13,1
DA:14,1
DA:15,1
DA:16,1
DA:18,1
DA:19,1
DA:21,1
DA:22,1
DA:24,1
DA:25,0
DA:26,0
DA:27,0
DA:29,0
DA:33,1
DA:36,1
LF:25
LH:21
BRDA:21,0,0,1
BRDA:21,0,1,1
BRDA:22,1,0,1
BRDA:22,1,1,1
BRDA:24,2,0,0
BRDA:24,2,1,1
BRF:6
BRH:5
end_of_record
TN:
SF:src\controllers\attendance.controller.ts
FN:6,(anonymous_1)
FN:23,(anonymous_2)
FN:39,(anonymous_3)
FN:52,(anonymous_4)
FN:56,(anonymous_5)
FN:57,(anonymous_6)
FN:61,(anonymous_7)
FNF:7
FNH:0
FNDA:0,(anonymous_1)
FNDA:0,(anonymous_2)
FNDA:0,(anonymous_3)
FNDA:0,(anonymous_4)
FNDA:0,(anonymous_5)
FNDA:0,(anonymous_6)
FNDA:0,(anonymous_7)
DA:3,1
DA:4,1
DA:6,1
DA:7,0
DA:8,0
DA:9,0
DA:10,0
DA:11,0
DA:12,0
DA:13,0
DA:14,0
DA:17,0
DA:19,0
DA:23,1
DA:24,0
DA:25,0
DA:26,0
DA:27,0
DA:28,0
DA:29,0
DA:30,0
DA:31,0
DA:32,0
DA:33,0
DA:34,0
DA:35,0
DA:36,0
DA:39,1
DA:40,0
DA:41,0
DA:42,0
DA:43,0
DA:44,0
DA:45,0
DA:46,0
DA:48,0
DA:49,0
DA:52,1
DA:53,0
DA:55,0
DA:56,0
DA:57,0
DA:58,0
DA:61,1
DA:62,0
DA:63,0
DA:64,0
DA:65,0
LF:48
LH:7
BRDA:11,0,0,0
BRDA:11,1,0,0
BRDA:11,1,1,0
BRDA:13,2,0,0
BRDA:13,2,1,0
BRDA:14,3,0,0
BRDA:14,3,1,0
BRDA:28,4,0,0
BRDA:28,5,0,0
BRDA:28,5,1,0
BRDA:29,6,0,0
BRDA:43,7,0,0
BRDA:43,8,0,0
BRDA:43,8,1,0
BRDA:45,9,0,0
BRDA:46,10,0,0
BRDA:57,11,0,0
BRDA:57,11,1,0
BRDA:57,12,0,0
BRDA:57,12,1,0
BRF:20
BRH:0
end_of_record
TN:
SF:src\controllers\auth.controller.ts
FN:7,(anonymous_1)
FN:27,(anonymous_2)
FN:45,(anonymous_3)
FNF:3
FNH:0
FNDA:0,(anonymous_1)
FNDA:0,(anonymous_2)
FNDA:0,(anonymous_3)
DA:3,1
DA:4,1
DA:5,1
DA:7,1
DA:8,0
DA:9,0
DA:10,0
DA:11,0
DA:13,0
DA:14,0
DA:15,0
DA:17,0
DA:18,0
DA:19,0
DA:21,0
DA:23,0
DA:27,1
DA:28,0
DA:29,0
DA:30,0
DA:31,0
DA:33,0
DA:34,0
DA:36,0
DA:37,0
DA:39,0
DA:41,0
DA:45,1
DA:46,0
LF:29
LH:6
BRDA:11,0,0,0
BRDA:13,1,0,0
BRDA:13,1,1,0
BRDA:31,2,0,0
BRDA:34,3,0,0
BRF:5
BRH:0
end_of_record
TN:
SF:src\controllers\dashboard.controller.ts
FN:7,(anonymous_1)
FN:15,(anonymous_2)
FNF:2
FNH:0
FNDA:0,(anonymous_1)
FNDA:0,(anonymous_2)
DA:3,1
DA:4,1
DA:5,1
DA:7,1
DA:8,0
DA:9,0
DA:10,0
DA:11,0
DA:12,0
DA:15,1
DA:16,0
DA:17,0
DA:18,0
DA:19,0
LF:14
LH:5
BRF:0
BRH:0
end_of_record
TN:
SF:src\controllers\manager.controller.ts
FN:8,(anonymous_1)
FN:13,(anonymous_2)
FN:19,(anonymous_3)
FN:31,(anonymous_4)
FN:39,(anonymous_5)
FNF:5
FNH:0
FNDA:0,(anonymous_1)
FNDA:0,(anonymous_2)
FNDA:0,(anonymous_3)
FNDA:0,(anonymous_4)
FNDA:0,(anonymous_5)
DA:3,1
DA:5,1
DA:6,1
DA:8,1
DA:9,0
DA:10,0
DA:13,1
DA:14,0
DA:15,0
DA:16,0
DA:19,1
DA:20,0
DA:22,0
DA:28,0
DA:31,1
DA:32,0
DA:33,0
DA:34,0
DA:35,0
DA:36,0
DA:39,1
DA:40,0
DA:41,0
DA:42,0
LF:24
LH:8
BRF:0
BRH:0
end_of_record
TN:
SF:src\middleware\auth.middleware.ts
FN:6,(anonymous_1)
FNF:1
FNH:0
FNDA:0,(anonymous_1)
DA:3,1
DA:4,1
DA:6,1
DA:7,0
DA:8,0
DA:9,0
DA:10,0
DA:11,0
DA:12,0
DA:13,0
DA:14,0
DA:15,0
DA:17,0
LF:13
LH:3
BRDA:8,0,0,0
BRDA:13,1,0,0
BRF:2
BRH:0
end_of_record
TN:
SF:src\middleware\error.middleware.ts
FN:3,(anonymous_0)
FNF:1
FNH:0
FNDA:0,(anonymous_0)
DA:3,1
DA:4,0
DA:5,0
DA:6,0
LF:4
LH:1
BRDA:5,0,0,0
BRDA:5,0,1,0
BRDA:6,1,0,0
BRDA:6,1,1,0
BRF:4
BRH:0
end_of_record
TN:
SF:src\middleware\role.middleware.ts
FN:3,(anonymous_0)
FN:4,(anonymous_1)
FNF:2
FNH:1
FNDA:5,(anonymous_0)
FNDA:0,(anonymous_1)
DA:3,1
DA:4,5
DA:5,0
DA:6,0
DA:7,0
DA:8,0
LF:6
LH:2
BRDA:6,0,0,0
BRDA:7,1,0,0
BRF:2
BRH:0
end_of_record
TN:
SF:src\middleware\validate.middleware.ts
FN:4,(anonymous_0)
FNF:1
FNH:0
FNDA:0,(anonymous_0)
DA:3,1
DA:4,1
DA:5,0
DA:6,0
DA:7,0
DA:9,0
LF:6
LH:2
BRDA:6,0,0,0
BRF:1
BRH:0
end_of_record
TN:
SF:src\models\Attendance.model.ts
FNF:0
FNH:0
DA:2,1
DA:12,1
DA:21,1
DA:22,1
LF:4
LH:4
BRF:0
BRH:0
end_of_record
TN:
SF:src\models\User.model.ts
FNF:0
FNH:0
DA:2,1
DA:13,1
DA:22,1
LF:3
LH:3
BRF:0
BRH:0
end_of_record
TN:
SF:src\routes\attendance.routes.ts
FNF:0
FNH:0
DA:2,1
DA:3,1
DA:4,1
DA:6,1
DA:8,1
DA:9,1
DA:10,1
DA:11,1
DA:12,1
DA:14,1
LF:10
LH:10
BRF:0
BRH:0
end_of_record
TN:
SF:src\routes\auth.routes.ts
FNF:0
FNH:0
DA:2,1
DA:3,1
DA:4,1
DA:5,1
DA:6,1
DA:8,1
DA:10,1
DA:16,1
DA:21,1
DA:23,1
LF:10
LH:10
BRF:0
BRH:0
end_of_record
TN:
SF:src\routes\dashboard.routes.ts
FNF:0
FNH:0
DA:2,1
DA:3,1
DA:4,1
DA:6,1
DA:7,1
DA:8,1
DA:10,1
LF:7
LH:7
BRF:0
BRH:0
end_of_record
TN:
SF:src\routes\index.ts
FNF:0
FNH:0
DA:2,1
DA:3,1
DA:4,1
DA:5,1
DA:6,1
DA:8,1
DA:9,1
DA:10,1
DA:11,1
DA:12,1
DA:14,1
LF:11
LH:11
BRF:0
BRH:0
end_of_record
TN:
SF:src\routes\manager.routes.ts
FNF:0
FNH:0
DA:2,1
DA:3,1
DA:4,1
DA:5,1
DA:7,1
DA:9,1
DA:10,1
DA:11,1
DA:12,1
DA:13,1
DA:15,1
LF:11
LH:11
BRF:0
BRH:0
end_of_record
TN:
SF:src\services\csv.service.ts
FN:3,(anonymous_0)
FN:5,(anonymous_1)
FNF:2
FNH:0
FNDA:0,(anonymous_0)
FNDA:0,(anonymous_1)
DA:2,1
DA:3,1
DA:4,0
DA:5,0
DA:14,0
DA:15,0
LF:6
LH:2
BRDA:7,0,0,0
BRDA:7,0,1,0
BRDA:8,1,0,0
BRDA:8,1,1,0
BRDA:9,2,0,0
BRDA:9,2,1,0
BRDA:10,3,0,0
BRDA:10,3,1,0
BRF:8
BRH:0
end_of_record
TN:
SF:src\utils\jwt.ts
FN:7,(anonymous_1)
FN:12,(anonymous_2)
FN:17,(anonymous_3)
FNF:3
FNH:0
FNDA:0,(anonymous_1)
FNDA:0,(anonymous_2)
FNDA:0,(anonymous_3)
DA:2,1
DA:4,1
DA:5,1
DA:7,1
DA:8,0
DA:9,0
DA:12,1
DA:13,0
DA:14,0
DA:17,1
DA:18,0
LF:11
LH:6
BRDA:8,0,0,0
BRDA:8,0,1,0
BRDA:13,1,0,0
BRDA:13,1,1,0
BRF:4
BRH:0
end_of_record
